********************************************************************************
product = Open Liberty 22.0.0.5 (wlp-1.0.64.cl220520220425-0301)
wlp.install.dir = /home/sagore/Webapp/target/liberty/wlp/
java.home = /usr/lib/jvm/java-11-openjdk-amd64
java.version = 11.0.15
java.runtime = OpenJDK Runtime Environment (11.0.15+10-Ubuntu-0ubuntu0.20.04.1)
os = Linux (5.13.0-40-generic; amd64) (en_IN)
process = 7316@sagore-Virtual-Machine
Classpath = /home/sagore/Webapp/target/liberty/wlp/bin/tools/ws-server.jar
Java Library path = /usr/java/packages/lib:/usr/lib/x86_64-linux-gnu/jni:/lib/x86_64-linux-gnu:/usr/lib/x86_64-linux-gnu:/usr/lib/jni:/lib:/usr/lib
********************************************************************************
[14/05/22, 20:22:11:130 IST] 00000001 com.ibm.ws.kernel.launch.internal.FrameworkManager           A CWWKE0001I: The server WebappServer has been launched.
[14/05/22, 20:22:15:306 IST] 00000001 com.ibm.ws.kernel.launch.internal.FrameworkManager           I CWWKE0002I: The kernel started after 4.933 seconds
[14/05/22, 20:22:16:025 IST] 0000001d com.ibm.ws.kernel.feature.internal.FeatureManager            I CWWKF0007I: Feature update started.
[14/05/22, 20:22:21:205 IST] 00000014 com.ibm.ws.app.manager.internal.monitor.DropinMonitor        A CWWKZ0058I: Monitoring dropins for applications.
[14/05/22, 20:22:22:471 IST] 0000001f com.ibm.ws.app.manager.AppMessageHelper                      I CWWKZ0018I: Starting application Webapp.
[14/05/22, 20:22:22:473 IST] 0000001f bm.ws.app.manager.war.internal.WARDeployedAppInfoFactoryImpl I CWWKZ0134I: The Webapp application is using the loose application definition at the /home/sagore/Webapp/target/liberty/wlp/usr/servers/WebappServer/apps/Webapp.war.xml location.
[14/05/22, 20:22:23:563 IST] 0000001f com.ibm.ws.session.WASSessionCore                            I SESN8501I: The session manager did not find a persistent storage location; HttpSession objects will be stored in the local application server's memory.
[14/05/22, 20:22:23:604 IST] 0000001f com.ibm.ws.webcontainer.osgi.webapp.WebGroup                 I SRVE0169I: Loading Web Module: Hello Servlet.
[14/05/22, 20:22:23:607 IST] 0000001f com.ibm.ws.webcontainer                                      I SRVE0250I: Web Module Hello Servlet has been bound to default_host.
[14/05/22, 20:22:23:610 IST] 0000001f com.ibm.ws.http.internal.VirtualHostImpl                     A CWWKT0016I: Web application available (default_host): http://localhost:9080/Webapp/
[14/05/22, 20:22:24:121 IST] 0000001e com.ibm.ws.session.WASSessionCore                            I SESN0176I: A new session context will be created for application key default_host/Webapp
[14/05/22, 20:22:24:181 IST] 0000001e com.ibm.ws.util                                              I SESN0172I: The session manager is using the Java default SecureRandom implementation for session ID generation.
[14/05/22, 20:22:24:456 IST] 0000001e com.ibm.ws.app.manager.AppMessageHelper                      A CWWKZ0001I: Application Webapp started in 1.984 seconds.
[14/05/22, 20:22:24:581 IST] 0000001d com.ibm.ws.tcpchannel.internal.TCPPort                       I CWWKO0219I: TCP Channel defaultHttpEndpoint has been started and is now listening for requests on host localhost  (IPv4: 127.0.0.1) port 9080.
[14/05/22, 20:22:25:029 IST] 0000001d com.ibm.ws.kernel.feature.internal.FeatureManager            A CWWKF0012I: The server installed the following features: [el-3.0, jsp-2.3, servlet-3.1].
[14/05/22, 20:22:25:029 IST] 0000001d com.ibm.ws.kernel.feature.internal.FeatureManager            I CWWKF0008I: Feature update completed in 9.712 seconds.
[14/05/22, 20:22:25:029 IST] 0000001d com.ibm.ws.kernel.feature.internal.FeatureManager            A CWWKF0011I: The WebappServer server is ready to run a smarter planet. The WebappServer server started in 14.658 seconds.
[14/05/22, 20:22:26:831 IST] 00000020 com.ibm.ws.webcontainer.osgi.mbeans.PluginGenerator          I SRVE9103I: A configuration file for a web server plugin was automatically generated for this server at /home/sagore/Webapp/target/liberty/wlp/usr/servers/WebappServer/logs/state/plugin-cfg.xml.
[14/05/22, 20:22:39:236 IST] 0000001e com.ibm.ws.webcontainer.servlet                              I SRVE0242I: [Webapp] [/Webapp] [war.HelloServlet]: Initialization successful.
[14/05/22, 20:22:40:702 IST] 00000010 com.ibm.ws.kernel.launch.internal.ServerCommandListener      A CWWKE0055I: Server shutdown requested on Saturday, 14 May, 2022 at 8:22 PM. The server WebappServer is shutting down.
[14/05/22, 20:22:40:723 IST] 00000028 com.ibm.ws.runtime.update.internal.RuntimeUpdateManagerImpl  A CWWKE1100I: Waiting for up to 30 seconds for the server to quiesce.
[14/05/22, 20:22:40:734 IST] 00000026 com.ibm.ws.tcpchannel.internal.TCPChannel                    I CWWKO0220I: TCP Channel defaultHttpEndpoint has stopped listening for requests on host localhost  (IPv4: 127.0.0.1) port 9080.
[14/05/22, 20:22:40:738 IST] 00000026 com.ibm.ws.http.internal.VirtualHostImpl                     A CWWKT0017I: Web application removed (default_host): http://localhost:9080/Webapp/
[14/05/22, 20:22:41:783 IST] 00000028 com.ibm.ws.runtime.update.internal.RuntimeUpdateManagerImpl  I CWWKE1101I: Server quiesce complete.
[14/05/22, 20:22:41:858 IST] 00000020 com.ibm.ws.webcontainer.servlet                              I SRVE0253I: [Webapp] [/Webapp] [war.HelloServlet]: Destroy successful.
[14/05/22, 20:22:42:209 IST] 00000020 com.ibm.ws.app.manager.AppMessageHelper                      A CWWKZ0009I: The application Webapp has stopped successfully.
[14/05/22, 20:22:43:360 IST] 00000001 com.ibm.ws.kernel.launch.internal.FrameworkManager           A CWWKE0036I: The server WebappServer stopped after 32.988 seconds.
